         w __deregister_frame_info
         w __register_frame_info
         w userAppExit
         w userAppInit
00000000 00000802 B __ctru_dev_utf16_buf
00000000 a shift
00000000 a shift
00000000 b _TLS_MODULE_BASE_
00000804 00000401 B __ctru_dev_path_buf
00100000 A __start__
00100000 T _start
00100008 T __service_ptr
0010000c T __apt_appid
00100010 T __heap_size
00100014 T __linear_heap_size
00100018 T __system_arglist
0010001c T __system_runflags
00100020 t startup
00100058 t ClearMem
0010006c t ClrLoop
00100094 T _init
001000ac T __aeabi_uidiv
001000ac 000001ec T __udivsi3
001000ac t .udivsi3_skip_div0_test
00100298 00000020 T __aeabi_uidivmod
001002b8 T __aeabi_idiv
001002b8 00000220 T __divsi3
001002c0 t .divsi3_skip_div0_test
001004d8 00000020 T __aeabi_idivmod
001004f8 00000004 W __aeabi_idiv0
001004f8 00000004 W __aeabi_ldiv0
001004fc T __aeabi_ldivmod
001005d0 T __aeabi_uldivmod
00100628 00000390 T strcmp
001009b0 t __do_global_dtors_aux
001009f0 t frame_dummy
00100a1c 00000044 T main
00100a60 00000068 T getCenteredHorizontal
00100ac8 00000050 T initLibraries
00100b18 00000080 T initTop
00100b98 000000bc T updateTop
00100c54 00000008 T initBottom
00100c5c 00000008 T updateBottom
00100c64 00000018 T exitUI
00100c7c 00000060 T getTime
00100cdc 00000044 t C2Di_FrameEndHook
00100d20 0000036c T C2D_Init
0010108c 0000004c T C2D_Fini
001010d8 000000b8 T C2D_Prepare
00101190 00000048 T C2D_Flush
001011d8 00000104 T C2D_SceneSize
001012dc 00000058 T C2D_CreateScreenTarget
00101334 00000064 T C2D_TargetClear
00101398 00000058 T C2Di_AppendQuad
001013f0 00000040 T C2Di_AppendVtx
00101430 00000550 T C2Di_Update
00101980 00000018 t C2Di_GlyphComp
00101998 00000140 t C2Di_CalcLineWidths
00101ad8 000001dc T C2D_TextBufNew
00101cb4 0000000c T C2D_TextBufClear
00101cc0 000001c8 T C2D_TextFontParseLine
00101e88 000000a8 T C2D_TextFontParse
00101f30 00000014 T C2D_TextParse
00101f44 00000030 T C2D_TextOptimize
00101f74 000000c0 T C2D_TextGetDimensions
00102034 00000f6c T C2D_DrawText
00102fa0 0000006c T C2D_SpriteSheetLoadFromHandle
0010300c 00000048 T C2D_SpriteSheetLoad
00103054 00000044 T C2D_FontGlyphIndexFromCodePoint
00103098 00000078 T C2D_FontCalcGlyphPos
00103110 00000028 T AttrInfo_Init
00103138 00000094 T AttrInfo_AddLoader
001031cc 00000054 T C3D_SetAttrInfo
00103220 00000080 T C3Di_AttrInfoBind
001032a0 00000004 W C3Di_LightEnvUpdate
001032a4 00000004 W C3Di_LightEnvDirty
001032a8 000000b4 t C3Di_AptEventHook
0010335c 00000004 W C3Di_GasUpdate
00103360 000001d0 T C3D_Init
00103530 00000098 T C3D_SetViewport
001035c8 000004e8 T C3Di_UpdateContext
00103ab0 000000e0 T C3Di_SplitFrame
00103b90 00000044 T C3D_Fini
00103bd4 00000194 T C3D_BindProgram
00103d68 00000024 T BufInfo_Init
00103d8c 00000080 T BufInfo_Add
00103e0c 0000003c T C3D_SetBufInfo
00103e48 00000048 T C3Di_BufInfoBind
00103e90 0000021c T C3D_DrawElements
001040ac 00000040 T C3D_DepthMap
001040ec 0000001c T C3D_CullFace
00104108 00000040 T C3D_StencilTest
00104148 00000024 T C3D_StencilOp
0010416c 0000001c T C3D_BlendingColor
00104188 00000024 T C3D_EarlyDepthTest
001041ac 0000002c T C3D_DepthTest
001041d8 0000002c T C3D_AlphaTest
00104204 00000050 T C3D_AlphaBlend
00104254 00000030 T C3D_FragOpMode
00104284 00000044 T C3D_FragOpShadow
001042c8 000001ac T C3Di_EffectBind
00104474 0000001c T C3D_CalcColorBufSize
00104490 0000001c T C3D_CalcDepthBufSize
001044ac 00000044 T C3D_SetFrameBuf
001044f0 0000016c T C3Di_FrameBufBind
0010465c 000000c8 T C3D_FrameBufClear
00104724 00000044 T C3D_FrameBufTransfer
00104768 000000a8 T C3D_ImmSendAttrib
00104810 00000070 T C3D_ProcTexInit
00104880 00000054 T C3D_ProcTexBind
001048d4 0000005c T C3D_ProcTexLutBind
00104930 000000a4 T ProcTexLut_FromArray
001049d4 00000178 T C3Di_ProcTexUpdate
00104b4c 00000068 T C3Di_ProcTexDirty
00104bb4 0000004c t onVBlank0
00104c00 0000004c t onVBlank1
00104c4c 00000080 t C3Di_RenderTargetDestroy
00104ccc 000000f4 t onQueueFinish
00104dc0 00000038 T C3Di_RenderQueueEnableVBlank
00104df8 00000030 T C3Di_RenderQueueDisableVBlank
00104e28 00000060 T C3Di_RenderQueueInit
00104e88 000000b4 T C3Di_RenderQueueExit
00104f3c 00000034 T C3Di_RenderQueueWaitDone
00104f70 000000e8 T C3D_FrameBegin
00105058 00000048 T C3D_FrameDrawOn
001050a0 00000058 T C3D_FrameSplit
001050f8 000001d0 T C3D_FrameEnd
001052c8 0000001c T C3D_FrameEndHook
001052e4 00000170 T C3D_RenderTargetCreate
00105454 000000a8 T C3D_RenderTargetSetOutput
001054fc 000000fc T C3D_SyncTextureCopy
001055f8 000003d8 t Tex3DSi_ImportCommon
001059d0 00000038 T Tex3DS_TextureImportStdio
00105a08 00000034 T C3D_GetTexEnv
00105a3c 00000024 T C3Di_TexEnvBind
00105a60 00000290 T C3D_TexInitWithParams
00105cf0 000000c8 T C3D_TexLoadImage
00105db8 00000044 T C3D_TexBind
00105dfc 00000074 T C3D_TexDelete
00105e70 0000014c T C3Di_SetTex
00105fbc 00000290 T C3D_UpdateUniforms
0010624c 000000c0 T C3Di_DirtyUniforms
0010630c 000000d8 T C3Di_LoadShaderUniforms
001063e4 00000028 T C3Di_ClearShaderUniforms
0010640c 000000cc T Mtx_Ortho
001064d8 000000cc T Mtx_OrthoTilt
001065a4 00000024 t addrMapNodeComparator(rbtree_node const*, rbtree_node const*)
001065c8 00000004 t addrMapNodeDestructor(rbtree_node*)
001065cc 00000120 T linearMemAlign
001066ec 00000008 T linearAlloc
001066f4 0000005c T linearFree
00106750 00000080 T MemPool::CoalesceRight(MemBlock*)
001067d0 0000016c T MemPool::Allocate(MemChunk&, unsigned long, int)
0010693c 000000fc T MemPool::Deallocate(MemChunk const&)
00106a38 00000030 T MemPool::GetFreeSpace()
00106a68 00000024 t addrMapNodeComparator(rbtree_node const*, rbtree_node const*)
00106a8c 00000004 t addrMapNodeDestructor(rbtree_node*)
00106a90 0000024c T vramMemAlignAt
00106cdc 0000000c T vramAlloc
00106ce8 0000000c T vramAllocAt
00106cf4 00000090 T vramFree
00106d84 00000094 T fontEnsureMapped
00106e18 00000100 T fontGlyphIndexFromCodePoint
00106f18 000001ec T fontCalcGlyphPos
00107104 000000d0 t gfxPresentFramebuffer
001071d4 0000001c T gfxIsWide
001071f0 000000ec T gfxSetScreenFormat
001072dc 000000e0 T gfxInit
001073bc 00000010 T gfxInitDefault
001073cc 000000b4 T gfxExit
00107480 000000a0 T gfxGetFramebuffer
00107520 00000030 T gfxScreenSwapBuffers
00107550 00000074 T osConvertVirtToPhys
001075c4 00000054 T osGetTimeRef
00107618 000000ec T osGetTime
00107704 00000034 T __ctru_speedup_config
00107738 0000013c T GPUCMD_Add
00107874 000000b0 T GPUCMD_Split
00107924 00000034 T f32tof16
00107958 00000034 T f32tof24
0010798c 00000038 T f32tof31
001079c4 00000010 T GX_BindQueue
001079d4 00000078 T GX_ProcessCommandList
00107a4c 00000074 T GX_MemoryFill
00107ac0 00000070 T GX_DisplayTransfer
00107b30 00000074 T GX_TextureCopy
00107ba4 00000068 t gxCmdQueueDoCommands.part.0
00107c0c 000000c8 T gxCmdQueueInterrupt
00107cd4 0000004c T gxCmdQueueClear
00107d20 000000f8 T gxCmdQueueAdd
00107e18 00000080 T gxCmdQueueRun
00107e98 00000060 T gxCmdQueueStop
00107ef8 0000008c T gxCmdQueueWait
00107f84 000001d0 T shaderInstanceInit
00108154 00000018 T shaderInstanceGetUniformLocation
0010816c 0000001c T shaderProgramInit
00108188 00000064 T shaderProgramFree
001081ec 00000080 T shaderProgramSetVsh
0010826c 000008e0 T shaderProgramConfigure
00108b4c 000001cc t DVLE_GenerateOutmap.part.0
00108d18 000001b4 T DVLB_ParseFile
00108ecc 00000038 T DVLB_Free
00108f04 00000074 T DVLE_GetUniformRegister
00108f78 000001ac t aptConvertScreenForCapture
00109124 00000008 W aptDspSleep
0010912c 00000004 W aptDspWakeup
00109130 00000004 W aptDspCancel
00109134 00000158 T aptSendCommand
00109290 00000044 t aptExitProcess
001092d4 0000038c T aptExit
00109660 000000e0 T aptHandleSleep
00109740 00000030 T aptHook
00109770 00000030 T aptUnhook
001097a0 00000084 T APT_SleepIfShellClosed
00109824 00000084 T aptSetSleepAllowed
001098a8 00000084 T APT_UnlockTransition
00109930 000004a4 t aptEventHandler
00109dd4 000000b0 T APT_ReceiveParameter
00109e84 000000ac t aptReceiveParameter.constprop.0
00109f30 000002ac t aptScreenTransfer
0010a1dc 00000320 t aptWaitForWakeUp.isra.0
0010a4fc 000000f8 T aptJumpToHomeMenu
0010a5f4 00000048 T aptMainLoop
0010a63c 0000022c T aptInit
0010a868 0000007c T APT_CheckNew3DS
0010a8e4 00000048 T APT_GetSharedFont
0010a92c 000000cc T fsInit
0010a9f8 0000003c T fsExit
0010aa34 00000060 T fsExemptFromSession
0010aa94 00000050 T fsUnexemptFromSession
0010aae4 000000cc T FSUSER_OpenFile
0010abb0 000000bc T FSUSER_DeleteFile
0010ac6c 000000f8 T FSUSER_RenameFile
0010ad64 000000bc T FSUSER_DeleteDirectory
0010ae20 000000d4 T FSUSER_CreateFile
0010aef4 000000c4 T FSUSER_CreateDirectory
0010afb8 000000f8 T FSUSER_RenameDirectory
0010b0b0 000000b4 T FSUSER_OpenDirectory
0010b164 00000094 T FSUSER_OpenArchive
0010b1f8 0000008c T FSUSER_CloseArchive
0010b284 00000074 T FSUSER_GetSdmcArchiveResource
0010b2f8 00000064 T FSUSER_IsSdmcWritable
0010b35c 00000058 T FSFILE_Read
0010b3b4 00000060 T FSFILE_Write
0010b414 00000038 T FSFILE_GetSize
0010b44c 00000028 T FSFILE_SetSize
0010b474 0000003c T FSFILE_Close
0010b4b0 00000024 T FSFILE_Flush
0010b4d4 00000050 T FSDIR_Read
0010b524 0000003c T FSDIR_Close
0010b560 00000c64 t gspHardwareInit
0010c1c4 00000248 T gspInit
0010c40c 000000f0 T gspExit
0010c4fc 00000010 T gspHasGpuRight
0010c50c 000000a0 T gspPresentBuffer
0010c5ac 00000030 T gspSetEventCallback
0010c5dc 00000044 T gspWaitForEvent
0010c620 0000004c T gspWaitForAnyEvent
0010c66c 00000158 t gspEventThreadMain
0010c7c4 00000130 T gspSubmitGxCommand
0010c8f4 00000050 T GSPGPU_FlushDataCache
0010c944 00000034 T GSPGPU_SetLcdForceBlack
0010c978 00000068 T GSPGPU_AcquireRight
0010c9e0 00000048 T GSPGPU_ReleaseRight
0010ca28 0000007c T GSPGPU_ImportDisplayCaptureInfo
0010caa4 0000002c T GSPGPU_SaveVramSysArea
0010cad0 0000002c T GSPGPU_RestoreVramSysArea
0010cafc 00000024 W hidShouldUseIrrst
0010cb20 0000018c T hidInit
0010ccac 000000e8 T hidExit
0010cd94 000002a4 T hidScanInput
0010d038 00000010 T hidKeysDown
0010d048 00000160 T irrstInit
0010d1a8 000000cc T irrstExit
0010d274 000000b4 T irrstScanInput
0010d328 00000024 T irrstKeysHeld
0010d34c 00000074 T ptmSysmInit
0010d3c0 0000003c T ptmSysmExit
0010d3fc 00000034 T PTMSYSM_ConfigureNew3DSCPU
0010d430 000000c4 t buffer_read
0010d4f4 000000cc t iov_read
0010d5c0 00000148 t iov_memmove
0010d708 000001dc t decompress_rle
0010d8e4 00000244 t decompress_lzss
0010db28 00000428 t decompress_lz11
0010df50 000002d4 t decompress_huff
0010e224 00000010 T decompressCallback_Stdio
0010e234 000000dc T decompressHeader
0010e310 00000240 T decompressV
0010e550 00000074 T rbtree_find
0010e5c4 00000010 T rbtree_init
0010e5d4 000001b0 t do_insert
0010e784 00000008 T rbtree_insert
0010e78c 00000318 T rbtree_remove
0010eaa4 00000090 T rbtree_rotate
0010eb34 0000013c T decode_utf8
0010ec70 000000e8 T utf16_to_utf8
0010ed58 000000c0 T utf8_to_utf16
0010ee18 000001e0 W __system_allocateHeaps
0010eff8 00000038 W __libctru_init
0010f030 00000170 W __system_initArgv
0010f1a0 00000030 T __syscall_getreent
0010f1d0 00000064 T __syscall_gettod_r
0010f234 00000004 T __syscall_lock_acquire
0010f238 00000004 T __syscall_lock_release
0010f23c 00000004 T __syscall_lock_acquire_recursive
0010f240 00000004 T __syscall_lock_release_recursive
0010f244 00000004 T __syscall_exit
0010f248 00000050 T initThreadVars
0010f298 00000080 T __system_initSyscalls
0010f318 T svcControlMemory
0010f338 T svcQueryMemory
0010f368 T svcExitProcess
0010f370 T svcCreateThread
0010f390 T svcExitThread
0010f398 T svcSleepThread
0010f3a0 T svcReleaseMutex
0010f3a8 T svcCreateEvent
0010f3bc T svcSignalEvent
0010f3c4 T svcClearEvent
0010f3cc T svcMapMemoryBlock
0010f3d4 T svcUnmapMemoryBlock
0010f3dc T svcCreateAddressArbiter
0010f3f0 T svcArbitrateAddressNoTimeout
0010f3f8 T svcCloseHandle
0010f400 T svcWaitSynchronization
0010f408 T svcWaitSynchronizationN
0010f430 T svcDuplicateHandle
0010f444 T svcGetSystemTick
0010f44c T svcConnectToPort
0010f460 T svcSendSyncRequest
0010f468 T svcGetResourceLimit
0010f47c T svcGetResourceLimitLimitValues
0010f484 T svcGetResourceLimitCurrentValues
0010f48c T svcBreak
0010f494 T __aeabi_read_tp
0010f4a0 W initSystem
0010f4f0 W __ctru_exit
0010f504 00000084 W envGetHandle
0010f588 00000050 W envDestroyHandles
0010f5d8 0000012c T srvInit
0010f704 00000058 T srvExit
0010f75c 00000060 T srvEnableNotification
0010f7bc 000000a0 T srvGetServiceHandleDirect
0010f85c 00000038 T srvGetServiceHandle
0010f894 00000034 T srvSubscribe
0010f8c8 00000060 T srvReceiveNotification
0010f928 00000038 T srvPublishToSubscriber
0010f960 0000000c T __sync_init
0010f96c 00000018 T __sync_fini
0010f984 0000002c T syncArbitrateAddress
0010f9b0 000000ac T LightLock_Lock
0010fa5c 00000040 T LightLock_Unlock
0010fa9c 00000030 T RecursiveLock_Lock
0010facc 00000054 T RecursiveLock_Unlock
0010fb20 00000040 T LightEvent_Init
0010fb60 000000a4 T LightEvent_Clear
0010fc04 000000c8 T LightEvent_Signal
0010fccc 00000050 T LightEvent_TryWait
0010fd1c 000000a0 T LightEvent_Wait
0010fdbc 000001d8 T threadCreate
0010ff94 0000002c T threadFree
0010ffc0 00000024 T threadJoin
0010ffe4 00000030 T threadGetCurrent
00110014 00000040 T threadExit
00110054 00000020 t _thread_begin
00110074 000000b4 t mappableFindAddressWithin
00110128 00000028 T mappableInit
00110150 00000080 T mappableAlloc
001101d0 00000004 T mappableFree
001101d4 0000000c T srvPmGetSessionHandle
001101e0 0000005c T rbtree_node_next
0011023c 00000064 T decode_utf16
001102a0 00000054 T encode_utf16
001102f4 000000e0 T encode_utf8
001103d4 00000030 W __appExit
00110404 00000030 W __appInit
00110434 00000090 W __libctru_exit
001104c4 00000014 t archive_link
001104d8 00000014 t archive_dirreset
001104ec 00000014 t archive_chmod
00110500 00000024 t error_cmp
00110524 00000050 t archive_translate_error
00110574 000000c8 t archive_seek
0011063c 0000007c t _archiveInit.part.0
001106b8 000000c4 t archiveFindDevice.part.0
0011077c 00000280 t archive_utf16path
001109fc 0000009c t _archiveUnmountDeviceStruct.part.0
00110a98 00000014 t archive_fchmod
00110aac 00000014 t archive_statvfs
00110ac0 00000164 t _archiveMountDevice
00110c24 000000e8 t archive_diropen
00110d0c 000000a4 t archive_fstat
00110db0 0000006c t archive_fsync
00110e1c 0000006c t archive_close
00110e88 00000070 t archive_dirclose
00110ef8 000000e8 t sdmc_statvfs
00110fe0 000000ec t archive_chdir
001110cc 0000007c t archive_ftruncate
00111148 000000ac t archive_read
001111f4 000000a4 t archive_unlink
00111298 000000bc t archive_rmdir
00111354 000000dc t archive_mkdir
00111430 00000194 t archive_stat
001115c4 00000160 t archive_dirnext
00111724 00000124 t archive_write
00111848 0000020c t archive_open
00111a54 00000278 t archive_rename
00111ccc 0000019c T archiveMountSdmc
00111e68 00000054 T archiveUnmountAll
00111ebc 000000c0 T ceilf
00111f7c 00000120 T __udivmoddi4
0011209c 000000e4 T strncmp
00112180 00000130 T strchr
001122b0 0000005c T strlen
0011230c 00000068 T sprintf
00112374 000001d8 t _strtoul_l.isra.0
0011254c 00000034 T strtoul
00112580 000000e4 T strncat
00112664 00000078 T bsearch
001126dc 00000344 T _fread_r
00112a20 00000038 T fread
00112a58 00000020 T calloc
00112a78 00000974 T qsort
001133ec 00000038 t lflush
00113424 0000019c T __srefill_r
001135c0 00000148 T _fclose_r
00113708 00000018 T fclose
00113720 000000c0 T _calloc_r
001137e0 0000012c T __smakebuf_r
0011390c 0000008c T __swhatbuf_r
00113998 00000020 T memalign
001139b8 0000001c t stdio_exit_handler
001139d4 0000005c t cleanup_stdio
00113a30 00000154 t global_stdio_init.part.0
00113b84 00000134 T __sfp
00113cb8 0000005c T __sinit
00113d14 0000000c T __sfp_lock_acquire
00113d20 0000000c T __sfp_lock_release
00113d2c 0000079c T _malloc_r
001144c8 000000f8 T _malloc_trim_r
001145c0 000002e8 T _free_r
001148a8 0000064c t get_arg
00114ef8 00003324 T _svfprintf_r
0011821c 0000025c T setvbuf
00118478 00000048 T strnlen
001184c0 0000000c T __errno
001184cc 00000018 T malloc
001184e4 00000018 T free
001184fc 0000011c T memcpy
00118618 0000012c T _fopen_r
00118744 00000020 T fopen
00118764 0000004c T time
001187b0 00000020 T gmtime
001187d0 000000f4 T memset
001188c4 000004a0 T _realloc_r
00118d64 00000070 T _fwalk_sglue
00118dd4 0000000c T __malloc_lock
00118de0 0000000c T __malloc_unlock
00118dec 00000004 W __call_exitprocs
00118df0 00000030 T exit
00118e20 0000001c T _fseek_r
00118e3c 000000c4 T strncpy
00118f00 00000028 T _wcsrtombs_r
00118f28 000000b4 T __sflags
00118fdc 00000084 T __libc_init_array
00119060 0000022c T __sflush_r
0011928c 00000094 T _fflush_r
00119320 00000088 T frexp
001193a8 00000150 T memmove
001194f8 00000024 T __locale_mb_cur_max
0011951c 000000a4 T __ssprint_r
001195c0 00000268 T gmtime_r
00119828 0000014c T _memalign_r
00119974 000000e0 T memchr
00119a54 00000188 T _wcsnrtombs_l
00119bdc 00000064 T _wcsnrtombs_r
00119c40 000002f8 T __utf8_mbtowc
00119f38 0000003c T __libc_fini_array
00119f74 00000590 T _fseeko_r
0011a504 00000044 T __sread
0011a548 00000068 T __swrite
0011a5b0 00000044 T __sseek
0011a5f4 00000008 T __sclose
0011a5fc 00000024 T _localeconv_r
0011a620 000001b4 t quorem
0011a7d8 00001218 T _dtoa_r
0011b9f0 000000a0 T _wcrtomb_r
0011ba90 00000128 T __ssputs_r
0011bbb8 000000f0 T __utf8_wctomb
0011bca8 0000005c T __assert_func
0011bd04 00000088 T _Balloc
0011bd8c 0000001c T _Bfree
0011bda8 000000f4 T __multadd
0011be9c 00000060 T __hi0bits
0011befc 0000009c T __lo0bits
0011bf98 000000a4 T __i2b
0011c03c 00000204 T __multiply
0011c240 00000128 T __pow5mult
0011c368 00000140 T __lshift
0011c4a8 00000058 T __mcmp
0011c500 000001fc T __mdiff
0011c6fc 00000124 T __d2b
0011c820 0000003c T fiprintf
0011c85c 00000014 T abort
0011c870 00000090 T _raise_r
0011c900 00000018 T raise
0011c918 0000064c t get_arg
0011cf64 00002300 T _vfiprintf_r
0011f264 000000b8 t __sbprintf
0011f31c 00000030 T __sprint_r
0011f34c 00000138 T __swsetup_r
0011f484 000004b4 T __sfvwrite_r
0011f938 00000020 T _exit
0011f958 0000013c T chdir
0011fa94 000001cc T _concatenate_path
0011fc60 00000078 T _fstat_r
0011fcd8 00000014 T _getpid_r
0011fcec 0000002c T __getreent
0011fd18 00000030 T _gettimeofday_r
0011fd48 0000008c T __release_handle
0011fdd4 000000b0 T __alloc_handle
0011fe84 0000003c T __get_handle
0011fec0 000000f4 T _close_r
0011ffb4 00000008 t null_write
0011ffbc 00000018 T setDefaultDevice
0011ffd4 000000c8 T FindDevice
0012009c 00000028 T RemoveDevice
001200c4 0000009c T AddDevice
00120160 00000020 T GetDeviceOpTab
00120180 00000008 T _isatty_r
00120188 00000014 T _kill_r
0012019c 00000084 T _lseek_r
00120220 000000bc T _open_r
001202dc 00000080 T _read_r
0012035c 00000078 W _sbrk_r
001203d4 0000001c T __libc_lock_acquire
001203f0 0000001c T __libc_lock_release
0012040c 0000001c T __libc_lock_acquire_recursive
00120428 0000001c T __libc_lock_release_recursive
00120444 00000080 T _write_r
001204c4 00000048 T strrchr
0012050c T _fini
0012112c r .LC2
0012120c R render2d_shbin
00121398 R render2d_shbin_end
00121398 R render2d_shbin_size
0012139c 00000004 r depthFmtSizes
001213a0 00000005 r colorFmtSizes
001213a8 00000010 r CSWTCH.11
001213b8 00000038 r CSWTCH.19
001213f0 00000008 r morton_y.2
001213f8 00000008 r morton_x.3
00121400 00000008 r s_sleepWakeEvents.4
00121408 00000030 r error_table
00121438 00000080 r archive_devoptab
001214f4 00000010 r zeroes.0
00121504 00000010 r blanks.1
00121514 00000101 R _ctype_
00121618 0000006c R __action_table
00121684 0000006c R __state_table
001216f0 00000100 R __chclass
001217f0 0000000c r p05.0
00121800 00000028 R __mprec_bigtens
00121828 000000c8 R __mprec_tens
001218f0 00000010 r zeroes.0
00121900 00000010 r blanks.1
00121910 00000080 R dotab_stdnull
00121990 R __tdata_align
00121994 r __EH_FRAME_BEGIN__
00121994 R __exidx_end
00121994 R __exidx_start
00122000 00000008 d framerateCounter
00122008 00000004 d framerate
0012200c 00000004 d queueLock
00122010 00000004 d aptChainloadDeliverArgSize
00122014 00000004 d kCount
00122018 00000004 d kInterval
0012201c 00000004 d kDelay
00122020 W __stacksize__
00122024 00000004 D _impure_ptr
00122028 00000120 D _impure_data
00122148 0000000c D __sglue
00122154 00000004 D __malloc_sbrk_base
00122158 00000004 D __malloc_trim_threshold
00122160 00000408 D __malloc_av_
00122568 0000016c D __global_locale
001226d4 00000400 d _current_working_directory
00122ad4 00001000 d handles
00123ad4 0000000c d __stderr_handle
00123ae0 0000000c d __stdout_handle
00123aec 0000000c d __stdin_handle
00123af8 0000008c D devoptab_list
00123b84 00000004 d defaultDevice
00123b90 d _GLOBAL_OFFSET_TABLE_
00123b9c d __frame_dummy_init_array_entry
00123b9c D __init_array_start
00123b9c B __preinit_array_end
00123b9c B __preinit_array_start
00123b9c D __tdata_lma
00123b9c D __tdata_lma_end
00123ba0 d __do_global_dtors_aux_fini_array_entry
00123ba0 D __fini_array_start
00123ba0 D __init_array_end
00123ba4 D __bss_start__
00123ba4 00000001 B charging
00123ba4 D __fini_array_end
00123ba8 00000004 B spriteSheet
00123bac 00000004 B clrWhite
00123bb0 00000004 B clrGreen
00123bb4 00000004 B clrRed
00123bb8 00000004 B clrBlue
00123bbc 00000004 B top
00123bc0 00000004 B timeBuf
00123bc4 0000001c B timeText
00123be0 00000028 B batteryState
00123c08 00000004 B bottom
00123c0c b completed.1
00123c10 b object.0
00123c28 000005a8 B __C2Di_Context
001241d0 00000040 b s_projBot
00124210 00000040 b s_projTop
00124250 00000004 b uLoc_mdlvMtx
00124254 00000004 b uLoc_projMtx
00124258 00000004 b s_glyphSheets
0012425c 00000004 b s_textScale
00124260 0000000c b hookCookie
00124270 000002d0 B __C3D_Context
00124540 00000004 b frameEndCbData
00124544 00000004 b frameEndCb
00124548 00000008 b frameCounter
00124550 00000001 b isTopStereo
00124551 00000001 b needSwapBot
00124552 00000001 b needSwapTop
00124553 00000001 b measureGpuTime
00124554 00000001 b inSafeTransfer
00124555 00000001 b inFrame
00124558 00000010 b cpuTime
00124568 00000010 b gpuTime
00124578 0000000c b linkedTarget
00124584 00000004 b lastTarget
00124588 00000004 b firstTarget
0012458c 00000008 b C3Di_IVUnifEverDirty
00124594 000000c0 b C3Di_FVUnifEverDirty
00124654 00000018 b C3Di_ShaderFVecData
0012466c 00000002 B C3D_BoolUnifsDirty
00124670 00000008 B C3D_IVUnifDirty
00124678 000000c0 B C3D_FVUnifDirty
00124738 00000004 B C3D_BoolUnifs
0012473c 00000020 B C3D_IVUnif
0012475c 00000c00 B C3D_FVUnif
00125360 00000008 b sLinearPool
00125368 0000000c b sAddrMap
00125378 00000008 b sVramPoolB
00125380 00000008 b sVramPoolA
00125388 0000000c b sAddrMap
00125394 00000004 b sharedFontAddr
00125398 00000004 B g_sharedFont
0012539c 00000004 b screenAlloc
001253a0 00000004 b screenFree
001253a4 00000002 b gfxIsDoubleBuf
001253a8 00000002 b gfxCurBuf
001253aa 00000001 b gfxIsVram
001253ab 00000001 b gfxTopMode
001253ac 00000002 b gfxFramebufferFormats
001253b0 00000004 b gfxBottomFramebufferMaxSize
001253b4 00000004 b gfxTopFramebufferMaxSize
001253b8 00000008 b gfxBottomFramebuffers
001253c0 00000008 b gfxTopFramebuffers
001253c8 00000001 V __ctru_speedup
001253cc 00000004 B gpuCmdBufOffset
001253d0 00000004 B gpuCmdBufSize
001253d4 00000004 B gpuCmdBuf
001253d8 00000004 b boundQueue
001253dc 00000001 b shouldStop
001253dd 00000001 b isRunning
001253de 00000001 b isActive
001253e0 00000004 b curQueue
001253e4 00000001 b flagValue.0
001253e5 00000001 b flagInit.1
001253e8 00000004 b serviceName.6
001253ec 00000001 b aptChainloadFlags
001253ed 00000001 b aptChainloadMediatype
001253f0 00000020 b aptChainloadHmac
00125410 00000300 b aptChainloadDeliverArg
00125710 00000008 b aptChainloadTid
00125718 00001000 b aptParameters
00126718 00000004 b aptFlags
0012671c 00000001 b aptHomeButtonState
00126720 00000004 b aptMessageFuncData
00126724 00000004 b aptMessageFunc
00126728 0000000c b aptFirstHook
00126734 00000001 b aptEventHandlerThreadQuit
00126738 00000004 b aptEventHandlerThread
0012673c 00000008 b aptSleepEvent
00126744 00000008 b aptReceiveEvent
0012674c 00000008 b aptEvents
00126754 00000004 b aptLockHandle
00126758 00000004 b aptRefCount
00126760 00000080 b fsExemptArchives
001267e0 00000004 b fsuRefCount
001267e4 00000004 b fsuHandle
001267e8 00000007 b gspEventCbOneShot
001267f0 0000001c b gspEventCbData
0012680c 0000001c b gspEventCb
00126828 00000038 b gspEvents
00126860 00000004 b gspLastEvent
00126864 00000001 b gspRunEvents
00126868 00000004 b gspEventThread
0012686c 00000004 b gspEvent
00126870 00000001 b gspGpuRight
00126871 00000001 b gspThreadId
00126874 00000004 b gspSharedMem
00126878 00000004 b gspSharedMemHandle
0012687c 00000004 b gspRefCount
00126880 00000004 b gspGpuHandle
00126884 00000001 b usingIrrst
00126888 00000004 b hidRefCount
0012688c 00000006 b gRate
00126894 00000006 b aVec
0012689c 00000004 b cPos
001268a0 00000004 b tPos
001268a4 00000004 b kRepeat
001268a8 00000004 b kUp
001268ac 00000004 b kDown
001268b0 00000004 b kHeld
001268b4 00000004 b kOld
001268b8 00000004 B hidSharedMem
001268bc 00000014 B hidEvents
001268d0 00000004 B hidMemHandle
001268d4 00000004 B hidHandle
001268d8 00000004 b irrstRefCount
001268dc 00000004 b csPos
001268e0 00000004 b kHeld
001268e4 00000004 B irrstSharedMem
001268e8 00000004 B irrstEvent
001268ec 00000004 B irrstMemHandle
001268f0 00000004 B irrstHandle
001268f4 00000004 b ptmSysmRefCount
001268f8 00000004 b ptmSysmHandle
001268fc 00000004 V __ctru_linear_heap_size
00126900 00000004 V __ctru_heap_size
00126904 00000004 B __ctru_linear_heap
00126908 00000004 B __ctru_heap
0012690c 00000004 B __system_retAddr
00126910 00000004 B __system_argv
00126914 00000004 B __system_argc
00126918 b saved_stack
00126920 00000004 B __3dslink_host
00126924 00000004 b srvRefCount
00126928 00000004 b srvHandle
0012692c 00000004 b arbiter
00126930 00000004 b currentAddr
00126934 00000004 b maxAddr
00126938 00000004 b minAddr
0012693c 00000004 b srvPmHandle
00126940 000005c0 b archive_devices
00126f00 00000004 b archive_device_cwd
00126f04 00000001 b archive_initialized
00126f08 0000000c b __sfp_recursive_mutex
00126f18 00000168 B __sf
00127080 00000004 B __stdio_exit_handler
00127084 00000028 B __malloc_current_mallinfo
001270ac 00000004 B __malloc_max_total_mem
001270b0 00000004 B __malloc_max_sbrked_mem
001270b4 00000004 B __malloc_top_pad
001270b8 0000000c b __malloc_recursive_mutex
001270c4 00000400 b temp_cwd
001274c4 00000004 b __hndl_lock
001274c8 00000004 B fake_heap_start
001274cc 00000004 B fake_heap_end
001274d0 00000004 b heap_start.0
001274d4 B __tls_start
001280dc B __bss_end__
001280dc A __end__
001280dc B __tls_end
